app/build/intermediates/manifest_merge_blame_file/debug/manifest-merger-blame-debug-report.txt
1<?xml version="1.0" encoding="utf-8"?>
2<manifest xmlns:android="http://schemas.android.com/apk/res/android"
3    package="com.quawlebs.drupp"
4    android:versionCode="2"
5    android:versionName="1.0" >
6
7    <uses-sdk
8        android:minSdkVersion="17"
8-->src/main/AndroidManifest.xml
9        android:targetSdkVersion="29" />
9-->src/main/AndroidManifest.xml
10    <!--
11         The ACCESS_COARSE/FINE_LOCATION permissions are not required to use
12         Google Maps Android API v2, but you must specify either coarse or fine
13         location permissions for the 'MyLocation' functionality.
14    -->
15    <uses-permission android:name="android.permission.ACCESS_FINE_LOCATION" />
15-->src/main/AndroidManifest.xml:10:5-12:48
15-->src/main/AndroidManifest.xml:11:9-63
16    <uses-permission android:name="android.permission.ACCESS_COARSE_LOCATION" />
16-->src/main/AndroidManifest.xml:13:5-15:48
16-->src/main/AndroidManifest.xml:14:9-65
17    <uses-permission android:name="com.google.android.c2dm.permission.RECEIVE" />
17-->src/main/AndroidManifest.xml:16:5-82
17-->src/main/AndroidManifest.xml:16:22-79
18
19    <uses-feature android:name="android.hardware.location.network" />
19-->src/main/AndroidManifest.xml:18:5-70
19-->src/main/AndroidManifest.xml:18:19-67
20    <uses-feature android:name=" android.hardware.location.gps" />
20-->src/main/AndroidManifest.xml:19:5-67
20-->src/main/AndroidManifest.xml:19:19-64
21
22    <uses-permission android:name="android.perrimission.INTERNET" />
22-->src/main/AndroidManifest.xml:21:5-69
22-->src/main/AndroidManifest.xml:21:22-66
23    <uses-permission android:name="android.permission.ACCESS_NETWORK_STATE" />
23-->src/main/AndroidManifest.xml:22:5-79
23-->src/main/AndroidManifest.xml:22:22-76
24    <uses-permission android:name="android.permission.ACCESS_WIFI_STATE" />
24-->src/main/AndroidManifest.xml:23:5-76
24-->src/main/AndroidManifest.xml:23:22-73
25    <uses-permission android:name="android.permission.READ_EXTERNAL_STORAGE" />
25-->src/main/AndroidManifest.xml:24:5-80
25-->src/main/AndroidManifest.xml:24:22-77
26    <uses-permission android:name="android.permission.WRITE_EXTERNAL_STORAGE" />
26-->src/main/AndroidManifest.xml:25:5-81
26-->src/main/AndroidManifest.xml:25:22-78
27
28    <supports-screens
28-->src/main/AndroidManifest.xml:27:5-32:40
29        android:anyDensity="true"
29-->src/main/AndroidManifest.xml:28:9-34
30        android:largeScreens="true"
30-->src/main/AndroidManifest.xml:29:9-36
31        android:normalScreens="true"
31-->src/main/AndroidManifest.xml:30:9-37
32        android:smallScreens="true"
32-->src/main/AndroidManifest.xml:31:9-36
33        android:xlargeScreens="true" />
33-->src/main/AndroidManifest.xml:32:9-37
34
35    <uses-permission android:name="android.permission.INTERNET" />
35-->[com.firebaseui:firebase-ui-auth:4.3.1] AndroidManifest.xml:13:5-67
35-->[com.firebaseui:firebase-ui-auth:4.3.1] AndroidManifest.xml:13:22-64
36    <uses-permission android:name="android.permission.CAMERA" />
36-->[com.github.jrvansuita:PickImage:2.2.4] AndroidManifest.xml:11:5-65
36-->[com.github.jrvansuita:PickImage:2.2.4] AndroidManifest.xml:11:22-62
37
38    <uses-feature android:name="android.hardware.camera" />
38-->[com.github.jrvansuita:PickImage:2.2.4] AndroidManifest.xml:13:5-60
38-->[com.github.jrvansuita:PickImage:2.2.4] AndroidManifest.xml:13:19-57
39    <uses-feature android:name="android.hardware.camera.autofocus" />
39-->[com.github.jrvansuita:PickImage:2.2.4] AndroidManifest.xml:14:5-70
39-->[com.github.jrvansuita:PickImage:2.2.4] AndroidManifest.xml:14:19-67
40
41    <uses-permission android:name="android.permission.VIBRATE" />
41-->[co.paystack.android.design.widget:pinpad:1.0.1] AndroidManifest.xml:11:5-66
41-->[co.paystack.android.design.widget:pinpad:1.0.1] AndroidManifest.xml:11:22-63
42    <uses-permission android:name="android.permission.SYSTEM_ALERT_WINDOW" />
42-->[:bubbles] AndroidManifest.xml:36:5-78
42-->[:bubbles] AndroidManifest.xml:36:22-75
43
44    <uses-feature
44-->[com.google.android.gms:play-services-maps:17.0.0] AndroidManifest.xml:26:5-28:35
45        android:glEsVersion="0x00020000"
45-->[com.google.android.gms:play-services-maps:17.0.0] AndroidManifest.xml:27:9-41
46        android:required="true" />
46-->[com.google.android.gms:play-services-maps:17.0.0] AndroidManifest.xml:28:9-32
47
48    <uses-permission android:name="android.permission.WAKE_LOCK" />
48-->[com.google.android.gms:play-services-measurement-api:17.3.0] AndroidManifest.xml:24:5-68
48-->[com.google.android.gms:play-services-measurement-api:17.3.0] AndroidManifest.xml:24:22-65
49    <uses-permission android:name="com.google.android.finsky.permission.BIND_GET_INSTALL_REFERRER_SERVICE" />
49-->[com.google.android.gms:play-services-measurement:17.3.0] AndroidManifest.xml:26:5-110
49-->[com.google.android.gms:play-services-measurement:17.3.0] AndroidManifest.xml:26:22-107
50
51    <application
51-->src/main/AndroidManifest.xml:34:5-363:19
52        android:name="com.quawlebs.drupp.DruppApp"
52-->src/main/AndroidManifest.xml:35:9-33
53        android:allowBackup="true"
53-->src/main/AndroidManifest.xml:36:9-35
54        android:appComponentFactory="androidx.core.app.CoreComponentFactory"
54-->[androidx.core:core:1.1.0] AndroidManifest.xml:24:18-86
55        android:configChanges="orientation"
55-->[com.github.jrvansuita:PickImage:2.2.4] AndroidManifest.xml:19:9-44
56        android:debuggable="true"
57        android:icon="@drawable/launcher_icon"
57-->src/main/AndroidManifest.xml:37:9-47
58        android:label="@string/app_name"
58-->src/main/AndroidManifest.xml:38:9-41
59        android:roundIcon="@drawable/launcher_icon"
59-->src/main/AndroidManifest.xml:39:9-52
60        android:screenOrientation="portrait"
60-->[com.github.jrvansuita:PickImage:2.2.4] AndroidManifest.xml:21:9-45
61        android:supportsRtl="true"
61-->src/main/AndroidManifest.xml:40:9-35
62        android:testOnly="true"
63        android:theme="@style/AppTheme" >
63-->src/main/AndroidManifest.xml:41:9-40
64        <activity android:name="com.quawlebs.drupp.view.ui.PostRideActivity" />
64-->src/main/AndroidManifest.xml:44:9-71
64-->src/main/AndroidManifest.xml:44:19-59
65        <activity
65-->src/main/AndroidManifest.xml:45:9-47:63
66            android:name="com.quawlebs.drupp.view.ui.TripHistoryQuery"
66-->src/main/AndroidManifest.xml:46:13-53
67            android:windowSoftInputMode="stateAlwaysHidden" />
67-->src/main/AndroidManifest.xml:47:13-60
68        <activity android:name="com.quawlebs.drupp.view.ui.RateCoRiders" />
68-->src/main/AndroidManifest.xml:48:9-58
68-->src/main/AndroidManifest.xml:48:19-55
69        <activity android:name="com.quawlebs.drupp.login.LoginActivity" />
69-->src/main/AndroidManifest.xml:49:9-57
69-->src/main/AndroidManifest.xml:49:19-54
70        <activity android:name="com.quawlebs.drupp.view.ui.scheduledRides.DriverPostedRidesEdit" />
70-->src/main/AndroidManifest.xml:50:9-82
70-->src/main/AndroidManifest.xml:50:19-79
71        <activity
71-->src/main/AndroidManifest.xml:51:9-54:73
72            android:name="com.quawlebs.drupp.view.ui.scheduledRides.UserPostedRidesEdit"
72-->src/main/AndroidManifest.xml:52:13-71
73            android:screenOrientation="portrait"
73-->src/main/AndroidManifest.xml:53:13-49
74            android:windowSoftInputMode="stateAlwaysHidden|adjustPan" />
74-->src/main/AndroidManifest.xml:54:13-70
75        <activity android:name="com.quawlebs.drupp.view.ui.scheduledRides.DriverPostedRideSingelView" />
75-->src/main/AndroidManifest.xml:55:9-87
75-->src/main/AndroidManifest.xml:55:19-84
76        <activity android:name="com.quawlebs.drupp.view.ui.scheduledRides.ScheduledRidesActivity" />
76-->src/main/AndroidManifest.xml:56:9-83
76-->src/main/AndroidManifest.xml:56:19-80
77        <activity android:name="com.quawlebs.drupp.view.ui.scheduledRides.UserPostedRideSingelView" />
77-->src/main/AndroidManifest.xml:57:9-85
77-->src/main/AndroidManifest.xml:57:19-82
78        <!--
79             The API key for Google Maps-based APIs is defined as a string resource.
80             (See the file "res/values/google_maps_api.xml").
81             Note that the API key is linked to the encryption key used to sign the APK.
82             You need a different API key for each encryption key, including the release key that is used to
83             sign the APK for publishing.
84             You can define the keys for the debug and release targets in src/debug/ and src/release/.
85        -->
86        <meta-data
86-->src/main/AndroidManifest.xml:66:9-68:55
87            android:name="com.google.android.geo.API_KEY"
87-->src/main/AndroidManifest.xml:67:13-58
88            android:value="@string/google_maps_key" />
88-->src/main/AndroidManifest.xml:68:13-52
89        <meta-data
89-->src/main/AndroidManifest.xml:69:9-71:69
90            android:name="com.google.android.gms.version"
90-->src/main/AndroidManifest.xml:70:13-58
91            android:value="@integer/google_play_services_version" />
91-->src/main/AndroidManifest.xml:71:13-66
92
93        <activity
93-->src/main/AndroidManifest.xml:73:9-75:59
94            android:name="com.quawlebs.drupp.view.ui.MapsActivity"
94-->src/main/AndroidManifest.xml:74:13-49
95            android:label="@string/title_activity_maps" />
95-->src/main/AndroidManifest.xml:75:13-56
96        <activity android:name="com.quawlebs.drupp.view.ui.NavDrawer" />
96-->src/main/AndroidManifest.xml:76:9-55
96-->src/main/AndroidManifest.xml:76:19-52
97        <activity
97-->src/main/AndroidManifest.xml:77:9-79:63
98            android:name="com.quawlebs.drupp.view.ui.BrowseProducts"
98-->src/main/AndroidManifest.xml:78:13-51
99            android:windowSoftInputMode="stateAlwaysHidden" />
99-->src/main/AndroidManifest.xml:79:13-60
100        <activity
100-->src/main/AndroidManifest.xml:80:9-82:63
101            android:name="com.quawlebs.drupp.view.ui.TripHistoryFinal"
101-->src/main/AndroidManifest.xml:81:13-53
102            android:windowSoftInputMode="stateAlwaysHidden" />
102-->src/main/AndroidManifest.xml:82:13-60
103        <activity
103-->src/main/AndroidManifest.xml:83:9-85:63
104            android:name="com.quawlebs.drupp.view.ui.history.RideHistory"
104-->src/main/AndroidManifest.xml:84:13-56
105            android:windowSoftInputMode="stateAlwaysHidden" />
105-->src/main/AndroidManifest.xml:85:13-60
106        <activity
106-->src/main/AndroidManifest.xml:86:9-88:63
107            android:name="com.quawlebs.drupp.view.ui.PaymentOptions"
107-->src/main/AndroidManifest.xml:87:13-51
108            android:windowSoftInputMode="stateAlwaysHidden" />
108-->src/main/AndroidManifest.xml:88:13-60
109        <activity
109-->src/main/AndroidManifest.xml:89:9-91:63
110            android:name="com.quawlebs.drupp.view.ui.CancelRideReason"
110-->src/main/AndroidManifest.xml:90:13-53
111            android:windowSoftInputMode="stateAlwaysHidden" />
111-->src/main/AndroidManifest.xml:91:13-60
112        <activity
112-->src/main/AndroidManifest.xml:92:9-96:63
113            android:name="com.quawlebs.drupp.view.ui.RideStartActivity"
113-->src/main/AndroidManifest.xml:93:13-54
114            android:launchMode="singleTask"
114-->src/main/AndroidManifest.xml:94:13-44
115            android:screenOrientation="portrait"
115-->src/main/AndroidManifest.xml:95:13-49
116            android:windowSoftInputMode="stateAlwaysHidden" />
116-->src/main/AndroidManifest.xml:96:13-60
117        <activity
117-->src/main/AndroidManifest.xml:97:9-99:63
118            android:name="com.quawlebs.drupp.view.ui.SupportActivity"
118-->src/main/AndroidManifest.xml:98:13-52
119            android:windowSoftInputMode="stateAlwaysHidden" />
119-->src/main/AndroidManifest.xml:99:13-60
120        <activity
120-->src/main/AndroidManifest.xml:100:9-102:63
121            android:name="com.quawlebs.drupp.view.ui.CardActivity"
121-->src/main/AndroidManifest.xml:101:13-49
122            android:windowSoftInputMode="stateAlwaysHidden" />
122-->src/main/AndroidManifest.xml:102:13-60
123        <activity
123-->src/main/AndroidManifest.xml:103:9-105:63
124            android:name="com.quawlebs.drupp.view.ui.SupportMessageActivity"
124-->src/main/AndroidManifest.xml:104:13-59
125            android:windowSoftInputMode="stateAlwaysHidden" />
125-->src/main/AndroidManifest.xml:105:13-60
126        <activity
126-->src/main/AndroidManifest.xml:106:9-108:63
127            android:name="com.quawlebs.drupp.view.ui.RideFor"
127-->src/main/AndroidManifest.xml:107:13-44
128            android:windowSoftInputMode="stateAlwaysHidden" />
128-->src/main/AndroidManifest.xml:108:13-60
129        <activity
129-->src/main/AndroidManifest.xml:109:9-111:63
130            android:name="com.quawlebs.drupp.view.ui.RateDriverActivity"
130-->src/main/AndroidManifest.xml:110:13-55
131            android:windowSoftInputMode="stateAlwaysHidden" />
131-->src/main/AndroidManifest.xml:111:13-60
132        <activity
132-->src/main/AndroidManifest.xml:112:9-115:63
133            android:name="com.quawlebs.drupp.view.ui.TermsConditionActivity"
133-->src/main/AndroidManifest.xml:113:13-59
134            android:screenOrientation="portrait"
134-->src/main/AndroidManifest.xml:114:13-49
135            android:windowSoftInputMode="stateAlwaysHidden" />
135-->src/main/AndroidManifest.xml:115:13-60
136        <activity
136-->src/main/AndroidManifest.xml:116:9-119:63
137            android:name="com.quawlebs.drupp.view.ui.PrivacyPolicyActivity"
137-->src/main/AndroidManifest.xml:117:13-58
138            android:screenOrientation="portrait"
138-->src/main/AndroidManifest.xml:118:13-49
139            android:windowSoftInputMode="stateAlwaysHidden" />
139-->src/main/AndroidManifest.xml:119:13-60
140        <activity
140-->src/main/AndroidManifest.xml:120:9-123:63
141            android:name="com.quawlebs.drupp.view.ui.NotificationActivity"
141-->src/main/AndroidManifest.xml:121:13-57
142            android:screenOrientation="portrait"
142-->src/main/AndroidManifest.xml:122:13-49
143            android:windowSoftInputMode="stateAlwaysHidden" />
143-->src/main/AndroidManifest.xml:123:13-60
144        <activity
144-->src/main/AndroidManifest.xml:124:9-128:63
145            android:name="com.quawlebs.drupp.view.ui.RideOnActivity"
145-->src/main/AndroidManifest.xml:125:13-51
146            android:launchMode="singleTask"
146-->src/main/AndroidManifest.xml:126:13-44
147            android:screenOrientation="portrait"
147-->src/main/AndroidManifest.xml:127:13-49
148            android:windowSoftInputMode="stateAlwaysHidden" />
148-->src/main/AndroidManifest.xml:128:13-60
149        <activity
149-->src/main/AndroidManifest.xml:129:9-132:63
150            android:name="com.quawlebs.drupp.view.ui.news.NewsFeedActivity"
150-->src/main/AndroidManifest.xml:130:13-58
151            android:screenOrientation="portrait"
151-->src/main/AndroidManifest.xml:131:13-49
152            android:windowSoftInputMode="stateAlwaysHidden" />
152-->src/main/AndroidManifest.xml:132:13-60
153        <activity
153-->src/main/AndroidManifest.xml:133:9-136:63
154            android:name="com.quawlebs.drupp.view.ui.NewsDetailsActivity"
154-->src/main/AndroidManifest.xml:134:13-56
155            android:screenOrientation="portrait"
155-->src/main/AndroidManifest.xml:135:13-49
156            android:windowSoftInputMode="stateAlwaysHidden" />
156-->src/main/AndroidManifest.xml:136:13-60
157        <activity
157-->src/main/AndroidManifest.xml:137:9-140:63
158            android:name="com.quawlebs.drupp.view.ui.ShoppingActivity"
158-->src/main/AndroidManifest.xml:138:13-53
159            android:screenOrientation="portrait"
159-->src/main/AndroidManifest.xml:139:13-49
160            android:windowSoftInputMode="stateAlwaysHidden" />
160-->src/main/AndroidManifest.xml:140:13-60
161        <activity
161-->src/main/AndroidManifest.xml:141:9-144:63
162            android:name="com.quawlebs.drupp.view.ui.UserSettingActivity"
162-->src/main/AndroidManifest.xml:142:13-56
163            android:screenOrientation="portrait"
163-->src/main/AndroidManifest.xml:143:13-49
164            android:windowSoftInputMode="stateAlwaysHidden" />
164-->src/main/AndroidManifest.xml:144:13-60
165        <activity
165-->src/main/AndroidManifest.xml:145:9-148:63
166            android:name="com.quawlebs.drupp.view.ui.ProfileActivity"
166-->src/main/AndroidManifest.xml:146:13-52
167            android:screenOrientation="portrait"
167-->src/main/AndroidManifest.xml:147:13-49
168            android:windowSoftInputMode="stateAlwaysHidden" />
168-->src/main/AndroidManifest.xml:148:13-60
169        <activity
169-->src/main/AndroidManifest.xml:149:9-152:73
170            android:name="com.quawlebs.drupp.view.ui.UserPreferencesActivity"
170-->src/main/AndroidManifest.xml:150:13-60
171            android:screenOrientation="portrait"
171-->src/main/AndroidManifest.xml:151:13-49
172            android:windowSoftInputMode="stateAlwaysHidden|adjustPan" />
172-->src/main/AndroidManifest.xml:152:13-70
173        <activity
173-->src/main/AndroidManifest.xml:153:9-158:59
174            android:name="com.quawlebs.drupp.view.ui.ride.RideActivity"
174-->src/main/AndroidManifest.xml:154:13-54
175            android:label="@string/title_activity_ride_"
175-->src/main/AndroidManifest.xml:155:13-57
176            android:launchMode="singleTask"
176-->src/main/AndroidManifest.xml:156:13-44
177            android:screenOrientation="portrait"
177-->src/main/AndroidManifest.xml:157:13-49
178            android:theme="@style/AppTheme.NoActionBar" />
178-->src/main/AndroidManifest.xml:158:13-56
179        <activity
179-->src/main/AndroidManifest.xml:159:9-162:55
180            android:name="com.quawlebs.drupp.view.ui.VerificationActivity"
180-->src/main/AndroidManifest.xml:160:13-57
181            android:screenOrientation="portrait"
181-->src/main/AndroidManifest.xml:161:13-49
182            android:windowSoftInputMode="adjustPan" />
182-->src/main/AndroidManifest.xml:162:13-52
183        <activity
183-->src/main/AndroidManifest.xml:163:9-166:63
184            android:name="com.quawlebs.drupp.login.StartUpActivity"
184-->src/main/AndroidManifest.xml:164:13-50
185            android:screenOrientation="portrait"
185-->src/main/AndroidManifest.xml:165:13-49
186            android:windowSoftInputMode="stateAlwaysHidden" />
186-->src/main/AndroidManifest.xml:166:13-60
187        <activity
187-->src/main/AndroidManifest.xml:167:9-171:63
188            android:name="com.quawlebs.drupp.view.ui.BillActivity"
188-->src/main/AndroidManifest.xml:168:13-49
189            android:launchMode="singleTask"
189-->src/main/AndroidManifest.xml:169:13-44
190            android:screenOrientation="portrait"
190-->src/main/AndroidManifest.xml:170:13-49
191            android:windowSoftInputMode="stateAlwaysHidden" />
191-->src/main/AndroidManifest.xml:171:13-60
192        <activity
192-->src/main/AndroidManifest.xml:172:9-176:63
193            android:name="com.quawlebs.drupp.view.ui.EndRideActivity"
193-->src/main/AndroidManifest.xml:173:13-52
194            android:launchMode="singleTask"
194-->src/main/AndroidManifest.xml:174:13-44
195            android:screenOrientation="portrait"
195-->src/main/AndroidManifest.xml:175:13-49
196            android:windowSoftInputMode="stateAlwaysHidden" />
196-->src/main/AndroidManifest.xml:176:13-60
197        <activity
197-->src/main/AndroidManifest.xml:177:9-186:20
198            android:name="com.quawlebs.drupp.view.ui.MainActivity"
198-->src/main/AndroidManifest.xml:178:13-49
199            android:screenOrientation="portrait"
199-->src/main/AndroidManifest.xml:179:13-49
200            android:windowSoftInputMode="stateAlwaysHidden" >
200-->src/main/AndroidManifest.xml:180:13-60
201            <intent-filter>
201-->src/main/AndroidManifest.xml:181:13-185:29
202                <action android:name="android.intent.action.MAIN" />
202-->src/main/AndroidManifest.xml:182:17-69
202-->src/main/AndroidManifest.xml:182:25-66
203
204                <category android:name="android.intent.category.LAUNCHER" />
204-->src/main/AndroidManifest.xml:184:17-77
204-->src/main/AndroidManifest.xml:184:27-74
205            </intent-filter>
206        </activity>
207        <activity
207-->src/main/AndroidManifest.xml:187:9-189:73
208            android:name="com.quawlebs.drupp.view.ui.UserRegistrationActivity"
208-->src/main/AndroidManifest.xml:188:13-61
209            android:windowSoftInputMode="stateAlwaysHidden|adjustPan" />
209-->src/main/AndroidManifest.xml:189:13-70
210        <activity
210-->src/main/AndroidManifest.xml:190:9-192:73
211            android:name="com.quawlebs.drupp.view.ui.shopping.ReferralActivity"
211-->src/main/AndroidManifest.xml:191:13-62
212            android:windowSoftInputMode="stateAlwaysHidden|adjustPan" />
212-->src/main/AndroidManifest.xml:192:13-70
213        <activity
213-->src/main/AndroidManifest.xml:193:9-195:73
214            android:name="com.quawlebs.drupp.view.ui.notifications.SingleNotificationActivity"
214-->src/main/AndroidManifest.xml:194:13-77
215            android:windowSoftInputMode="stateAlwaysHidden|adjustPan" />
215-->src/main/AndroidManifest.xml:195:13-70
216        <activity
216-->src/main/AndroidManifest.xml:196:9-198:73
217            android:name="com.quawlebs.drupp.view.ui.ReferralHistory"
217-->src/main/AndroidManifest.xml:197:13-52
218            android:windowSoftInputMode="stateAlwaysHidden|adjustPan" />
218-->src/main/AndroidManifest.xml:198:13-70
219        <activity
219-->src/main/AndroidManifest.xml:199:9-244:20
220            android:name="com.quawlebs.drupp.view.ui.LiveLocationActivity"
220-->src/main/AndroidManifest.xml:200:13-57
221            android:launchMode="singleTask" >
221-->src/main/AndroidManifest.xml:201:13-44
222            <intent-filter
222-->src/main/AndroidManifest.xml:202:13-215:29
223                android:autoVerify="true"
223-->src/main/AndroidManifest.xml:203:17-42
224                android:label="@string/filter_view_live_location" >
224-->src/main/AndroidManifest.xml:204:17-66
225                <action android:name="android.intent.action.VIEW" />
225-->src/main/AndroidManifest.xml:205:17-69
225-->src/main/AndroidManifest.xml:205:25-66
226
227                <category android:name="android.intent.category.DEFAULT" />
227-->src/main/AndroidManifest.xml:207:17-76
227-->src/main/AndroidManifest.xml:207:27-73
228                <category android:name="android.intent.category.BROWSABLE" />
228-->src/main/AndroidManifest.xml:208:17-78
228-->src/main/AndroidManifest.xml:208:27-75
229                <!-- Accepts URIs that begin with "https://api.qualwebs.com/drupp/api/user/share-live-location” -->
230                <data
230-->src/main/AndroidManifest.xml:210:17-213:46
231                    android:host="api.qualwebs.com"
231-->src/main/AndroidManifest.xml:211:21-52
232                    android:pathPrefix="/drupp/api/user/open-shared-app"
232-->src/main/AndroidManifest.xml:212:21-73
233                    android:scheme="https" />
233-->src/main/AndroidManifest.xml:213:21-43
234                <!-- note that the leading "/" is required for pathPrefix -->
235            </intent-filter>
236            <intent-filter
236-->src/main/AndroidManifest.xml:216:13-229:29
237                android:autoVerify="true"
237-->src/main/AndroidManifest.xml:217:17-42
238                android:label="@string/filter_view_live_location" >
238-->src/main/AndroidManifest.xml:218:17-66
239                <action android:name="android.intent.action.VIEW" />
239-->src/main/AndroidManifest.xml:205:17-69
239-->src/main/AndroidManifest.xml:205:25-66
240
241                <category android:name="android.intent.category.DEFAULT" />
241-->src/main/AndroidManifest.xml:207:17-76
241-->src/main/AndroidManifest.xml:207:27-73
242                <category android:name="android.intent.category.BROWSABLE" />
242-->src/main/AndroidManifest.xml:208:17-78
242-->src/main/AndroidManifest.xml:208:27-75
243                <!-- Accepts URIs that begin with "https://api.qualwebs.com/drupp/api/user/share-live-location” -->
244                <data
244-->src/main/AndroidManifest.xml:210:17-213:46
245                    android:host="api.qualwebs.com"
245-->src/main/AndroidManifest.xml:211:21-52
246                    android:pathPrefix="/drupp/api/user/open-shared-app"
246-->src/main/AndroidManifest.xml:212:21-73
247                    android:scheme="http" />
247-->src/main/AndroidManifest.xml:213:21-43
248                <!-- note that the leading "/" is required for pathPrefix -->
249            </intent-filter>
250            <intent-filter
250-->src/main/AndroidManifest.xml:230:13-243:29
251                android:autoVerify="true"
251-->src/main/AndroidManifest.xml:231:17-42
252                android:label="@string/filter_view_live_location" >
252-->src/main/AndroidManifest.xml:232:17-66
253                <action android:name="android.intent.action.VIEW" />
253-->src/main/AndroidManifest.xml:205:17-69
253-->src/main/AndroidManifest.xml:205:25-66
254
255                <category android:name="android.intent.category.DEFAULT" />
255-->src/main/AndroidManifest.xml:207:17-76
255-->src/main/AndroidManifest.xml:207:27-73
256                <category android:name="android.intent.category.BROWSABLE" />
256-->src/main/AndroidManifest.xml:208:17-78
256-->src/main/AndroidManifest.xml:208:27-75
257                <!-- Accepts URIs that begin with "https://api.qualwebs.com/drupp/api/user/share-live-location” -->
258                <data
258-->src/main/AndroidManifest.xml:210:17-213:46
259                    android:host="qualwebs"
259-->src/main/AndroidManifest.xml:211:21-52
260                    android:path="/"
260-->src/main/AndroidManifest.xml:240:21-37
261                    android:scheme="druppapp" />
261-->src/main/AndroidManifest.xml:213:21-43
262                <!-- note that the leading "/" is required for pathPrefix -->
263            </intent-filter>
264        </activity>
265        <activity
265-->src/main/AndroidManifest.xml:245:9-247:59
266            android:name="com.theartofdev.edmodo.cropper.CropImageActivity"
266-->src/main/AndroidManifest.xml:246:13-76
267            android:theme="@style/Base.Theme.AppCompat" />
267-->src/main/AndroidManifest.xml:247:13-56
268        <activity
268-->src/main/AndroidManifest.xml:248:9-250:52
269            android:name="com.quawlebs.drupp.view.ui.payments.PaymentCashActivity"
269-->src/main/AndroidManifest.xml:249:13-65
270            android:screenOrientation="portrait" />
270-->src/main/AndroidManifest.xml:250:13-49
271        <activity
271-->src/main/AndroidManifest.xml:251:9-253:52
272            android:name="com.quawlebs.drupp.view.ui.shopping.ShoppingHomeActivity"
272-->src/main/AndroidManifest.xml:252:13-66
273            android:screenOrientation="portrait" />
273-->src/main/AndroidManifest.xml:253:13-49
274        <activity
274-->src/main/AndroidManifest.xml:254:9-256:52
275            android:name="com.quawlebs.drupp.view.ui.search.ActivityUserAddress"
275-->src/main/AndroidManifest.xml:255:13-63
276            android:screenOrientation="portrait" />
276-->src/main/AndroidManifest.xml:256:13-49
277        <activity
277-->src/main/AndroidManifest.xml:257:9-259:52
278            android:name="com.quawlebs.drupp.view.ui.payments.PaymentViewActivity"
278-->src/main/AndroidManifest.xml:258:13-65
279            android:screenOrientation="portrait" />
279-->src/main/AndroidManifest.xml:259:13-49
280        <activity
280-->src/main/AndroidManifest.xml:260:9-262:52
281            android:name="com.quawlebs.drupp.view.ui.payments.ActivityAddMoney"
281-->src/main/AndroidManifest.xml:261:13-62
282            android:screenOrientation="portrait" />
282-->src/main/AndroidManifest.xml:262:13-49
283        <activity
283-->src/main/AndroidManifest.xml:263:9-265:73
284            android:name="com.quawlebs.drupp.view.ui.payments.MainPaymentActivity"
284-->src/main/AndroidManifest.xml:264:13-65
285            android:windowSoftInputMode="stateAlwaysHidden|adjustPan" />
285-->src/main/AndroidManifest.xml:265:13-70
286        <activity
286-->src/main/AndroidManifest.xml:266:9-268:52
287            android:name="com.quawlebs.drupp.view.ui.chat.ChatActivity"
287-->src/main/AndroidManifest.xml:267:13-54
288            android:screenOrientation="portrait" />
288-->src/main/AndroidManifest.xml:268:13-49
289        <activity
289-->src/main/AndroidManifest.xml:269:9-272:73
290            android:name="com.quawlebs.drupp.view.ui.BusChooserActivity"
290-->src/main/AndroidManifest.xml:270:13-55
291            android:screenOrientation="portrait"
291-->src/main/AndroidManifest.xml:271:13-49
292            android:windowSoftInputMode="stateAlwaysHidden|adjustPan" />
292-->src/main/AndroidManifest.xml:272:13-70
293        <activity
293-->src/main/AndroidManifest.xml:273:9-275:52
294            android:name="com.quawlebs.drupp.view.ui.BusRidesActivity"
294-->src/main/AndroidManifest.xml:274:13-53
295            android:screenOrientation="portrait" />
295-->src/main/AndroidManifest.xml:275:13-49
296        <activity
296-->src/main/AndroidManifest.xml:276:9-279:73
297            android:name="com.quawlebs.drupp.view.ui.shopping.ShopMainActivity"
297-->src/main/AndroidManifest.xml:277:13-62
298            android:screenOrientation="portrait"
298-->src/main/AndroidManifest.xml:278:13-49
299            android:windowSoftInputMode="stateAlwaysHidden|adjustPan" />
299-->src/main/AndroidManifest.xml:279:13-70
300        <activity
300-->src/main/AndroidManifest.xml:280:9-283:73
301            android:name="com.quawlebs.drupp.view.ui.shopping.SingleProductDetailActivity"
301-->src/main/AndroidManifest.xml:281:13-73
302            android:screenOrientation="portrait"
302-->src/main/AndroidManifest.xml:282:13-49
303            android:windowSoftInputMode="stateAlwaysHidden|adjustPan" />
303-->src/main/AndroidManifest.xml:283:13-70